# JRE version: Java(TM) SE Runtime Environment (8.0_112-b15) (build 1.8.0_112-b15)
# Java VM: Java HotSpot(TM) 64-Bit Server VM (25.112-b15 mixed mode linux-amd64 compressed oops)
Heap:
 PSYoungGen      total 91648K, used 41626K [0x000000076ab00000, 0x0000000770f00000, 0x00000007c0000000)
  eden space 82432K, 41% used [0x000000076ab00000,0x000000076cc430a8,0x000000076fb80000)
  from space 9216K, 82% used [0x0000000770500000,0x0000000770c63958,0x0000000770e00000)
  to   space 9728K, 0% used [0x000000076fb80000,0x000000076fb80000,0x0000000770500000)
 ParOldGen       total 285696K, used 185211K [0x00000006c0000000, 0x00000006d1700000, 0x000000076ab00000)
  object space 285696K, 64% used [0x00000006c0000000,0x00000006cb4dedf0,0x00000006d1700000)
 Metaspace       used 98541K, capacity 106510K, committed 106880K, reserved 1142784K
  class space    used 11148K, capacity 13593K, committed 13696K, reserved 1048576K
GC Heap History (10 events):
Event: 172702.837 GC heap before
{Heap before GC invocations=630 (full 6):
 PSYoungGen      total 87552K, used 83229K [0x000000076ab00000, 0x0000000770a80000, 0x00000007c0000000)
  eden space 78848K, 100% used [0x000000076ab00000,0x000000076f800000,0x000000076f800000)
  from space 8704K, 50% used [0x000000076f800000,0x000000076fc47610,0x0000000770080000)
  to   space 8704K, 0% used [0x0000000770200000,0x0000000770200000,0x0000000770a80000)
 ParOldGen       total 285696K, used 159977K [0x00000006c0000000, 0x00000006d1700000, 0x000000076ab00000)
  object space 285696K, 55% used [0x00000006c0000000,0x00000006c9c3a6c0,0x00000006d1700000)
 Metaspace       used 98499K, capacity 106504K, committed 106880K, reserved 1142784K
  class space    used 11146K, capacity 13592K, committed 13696K, reserved 1048576K
Event: 172702.842 GC heap after
Heap after GC invocations=630 (full 6):
 PSYoungGen      total 89088K, used 6617K [0x000000076ab00000, 0x0000000770a80000, 0x00000007c0000000)
  eden space 80384K, 0% used [0x000000076ab00000,0x000000076ab00000,0x000000076f980000)
  from space 8704K, 76% used [0x0000000770200000,0x00000007708765e0,0x0000000770a80000)
  to   space 8704K, 0% used [0x000000076f980000,0x000000076f980000,0x0000000770200000)
 ParOldGen       total 285696K, used 160073K [0x00000006c0000000, 0x00000006d1700000, 0x000000076ab00000)
  object space 285696K, 56% used [0x00000006c0000000,0x00000006c9c526c0,0x00000006d1700000)
 Metaspace       used 98499K, capacity 106504K, committed 106880K, reserved 1142784K
  class space    used 11146K, capacity 13592K, committed 13696K, reserved 1048576K
}
Event: 172709.121 GC heap before
{Heap before GC invocations=631 (full 6):
 PSYoungGen      total 89088K, used 87001K [0x000000076ab00000, 0x0000000770a80000, 0x00000007c0000000)
  eden space 80384K, 100% used [0x000000076ab00000,0x000000076f980000,0x000000076f980000)
  from space 8704K, 76% used [0x0000000770200000,0x00000007708765e0,0x0000000770a80000)
  to   space 8704K, 0% used [0x000000076f980000,0x000000076f980000,0x0000000770200000)
 ParOldGen       total 285696K, used 160073K [0x00000006c0000000, 0x00000006d1700000, 0x000000076ab00000)
  object space 285696K, 56% used [0x00000006c0000000,0x00000006c9c526c0,0x00000006d1700000)
 Metaspace       used 98499K, capacity 106504K, committed 106880K, reserved 1142784K
  class space    used 11146K, capacity 13592K, committed 13696K, reserved 1048576K
Event: 172709.132 GC heap after
Heap after GC invocations=631 (full 6):
 PSYoungGen      total 89088K, used 4252K [0x000000076ab00000, 0x0000000770c80000, 0x00000007c0000000)
  eden space 80384K, 0% used [0x000000076ab00000,0x000000076ab00000,0x000000076f980000)
  from space 8704K, 48% used [0x000000076f980000,0x000000076fda7078,0x0000000770200000)
  to   space 8704K, 0% used [0x0000000770400000,0x0000000770400000,0x0000000770c80000)
 ParOldGen       total 285696K, used 160153K [0x00000006c0000000, 0x00000006d1700000, 0x000000076ab00000)
  object space 285696K, 56% used [0x00000006c0000000,0x00000006c9c666c0,0x00000006d1700000)
 Metaspace       used 98499K, capacity 106504K, committed 106880K, reserved 1142784K
  class space    used 11146K, capacity 13592K, committed 13696K, reserved 1048576K
}
Event: 172772.555 GC heap before
{Heap before GC invocations=632 (full 6):
 PSYoungGen      total 89088K, used 65753K [0x000000076ab00000, 0x0000000770c80000, 0x00000007c0000000)
  eden space 80384K, 76% used [0x000000076ab00000,0x000000076e70f6d8,0x000000076f980000)
  from space 8704K, 48% used [0x000000076f980000,0x000000076fda7078,0x0000000770200000)
  to   space 8704K, 0% used [0x0000000770400000,0x0000000770400000,0x0000000770c80000)
 ParOldGen       total 285696K, used 184601K [0x00000006c0000000, 0x00000006d1700000, 0x000000076ab00000)
  object space 285696K, 64% used [0x00000006c0000000,0x00000006cb4466d0,0x00000006d1700000)
 Metaspace       used 98501K, capacity 106504K, committed 106880K, reserved 1142784K
  class space    used 11146K, capacity 13592K, committed 13696K, reserved 1048576K
Event: 172772.561 GC heap after
Heap after GC invocations=632 (full 6):
 PSYoungGen      total 90624K, used 6879K [0x000000076ab00000, 0x0000000770d00000, 0x00000007c0000000)
  eden space 81920K, 0% used [0x000000076ab00000,0x000000076ab00000,0x000000076fb00000)
  from space 8704K, 79% used [0x0000000770400000,0x0000000770ab7d60,0x0000000770c80000)
  to   space 9216K, 0% used [0x000000076fb00000,0x000000076fb00000,0x0000000770400000)
 ParOldGen       total 285696K, used 184777K [0x00000006c0000000, 0x00000006d1700000, 0x000000076ab00000)
  object space 285696K, 64% used [0x00000006c0000000,0x00000006cb4726d0,0x00000006d1700000)
 Metaspace       used 98501K, capacity 106504K, committed 106880K, reserved 1142784K
  class space    used 11146K, capacity 13592K, committed 13696K, reserved 1048576K
}
Event: 173508.134 GC heap before
{Heap before GC invocations=633 (full 6):
 PSYoungGen      total 90624K, used 88799K [0x000000076ab00000, 0x0000000770d00000, 0x00000007c0000000)
  eden space 81920K, 100% used [0x000000076ab00000,0x000000076fb00000,0x000000076fb00000)
  from space 8704K, 79% used [0x0000000770400000,0x0000000770ab7d60,0x0000000770c80000)
  to   space 9216K, 0% used [0x000000076fb00000,0x000000076fb00000,0x0000000770400000)
 ParOldGen       total 285696K, used 184779K [0x00000006c0000000, 0x00000006d1700000, 0x000000076ab00000)
  object space 285696K, 64% used [0x00000006c0000000,0x00000006cb472d00,0x00000006d1700000)
 Metaspace       used 98514K, capacity 106510K, committed 106880K, reserved 1142784K
  class space    used 11147K, capacity 13593K, committed 13696K, reserved 1048576K
Event: 173508.148 GC heap after
Heap after GC invocations=633 (full 6):
 PSYoungGen      total 91136K, used 7486K [0x000000076ab00000, 0x0000000770e00000, 0x00000007c0000000)
  eden space 81920K, 0% used [0x000000076ab00000,0x000000076ab00000,0x000000076fb00000)
  from space 9216K, 81% used [0x000000076fb00000,0x000000077024f968,0x0000000770400000)
  to   space 9216K, 0% used [0x0000000770500000,0x0000000770500000,0x0000000770e00000)
 ParOldGen       total 285696K, used 184859K [0x00000006c0000000, 0x00000006d1700000, 0x000000076ab00000)
  object space 285696K, 64% used [0x00000006c0000000,0x00000006cb486d00,0x00000006d1700000)
 Metaspace       used 98514K, capacity 106510K, committed 106880K, reserved 1142784K
  class space    used 11147K, capacity 13593K, committed 13696K, reserved 1048576K
}
Event: 175157.484 GC heap before
{Heap before GC invocations=634 (full 6):
 PSYoungGen      total 91136K, used 89406K [0x000000076ab00000, 0x0000000770e00000, 0x00000007c0000000)
  eden space 81920K, 100% used [0x000000076ab00000,0x000000076fb00000,0x000000076fb00000)
  from space 9216K, 81% used [0x000000076fb00000,0x000000077024f968,0x0000000770400000)
  to   space 9216K, 0% used [0x0000000770500000,0x0000000770500000,0x0000000770e00000)
 ParOldGen       total 285696K, used 184859K [0x00000006c0000000, 0x00000006d1700000, 0x000000076ab00000)
  object space 285696K, 64% used [0x00000006c0000000,0x00000006cb486d00,0x00000006d1700000)
 Metaspace       used 98514K, capacity 106510K, committed 106880K, reserved 1142784K
  class space    used 11147K, capacity 13593K, committed 13696K, reserved 1048576K
Event: 175157.499 GC heap after
Heap after GC invocations=634 (full 6):
 PSYoungGen      total 91648K, used 7566K [0x000000076ab00000, 0x0000000770f00000, 0x00000007c0000000)
  eden space 82432K, 0% used [0x000000076ab00000,0x000000076ab00000,0x000000076fb80000)
  from space 9216K, 82% used [0x0000000770500000,0x0000000770c63958,0x0000000770e00000)
  to   space 9728K, 0% used [0x000000076fb80000,0x000000076fb80000,0x0000000770500000)
 ParOldGen       total 285696K, used 185211K [0x00000006c0000000, 0x00000006d1700000, 0x000000076ab00000)
  object space 285696K, 64% used [0x00000006c0000000,0x00000006cb4dedf0,0x00000006d1700000)
 Metaspace       used 98514K, capacity 106510K, committed 106880K, reserved 1142784K
  class space    used 11147K, capacity 13593K, committed 13696K, reserved 1048576K
}

