# JRE version: Java(TM) SE Runtime Environment (8.0_112-b15) (build 1.8.0_112-b15)
# Java VM: Java HotSpot(TM) 64-Bit Server VM (25.112-b15 mixed mode linux-amd64 compressed oops)
Heap:
 PSYoungGen      total 114688K, used 98521K [0x000000076ab00000, 0x0000000774600000, 0x00000007c0000000)
  eden space 72704K, 94% used [0x000000076ab00000,0x000000076ee32a08,0x000000076f200000)
  from space 41984K, 70% used [0x0000000771c80000,0x0000000773983d88,0x0000000774580000)
  to   space 43008K, 0% used [0x000000076f200000,0x000000076f200000,0x0000000771c00000)
 ParOldGen       total 100864K, used 38473K [0x00000006c0000000, 0x00000006c6280000, 0x000000076ab00000)
  object space 100864K, 38% used [0x00000006c0000000,0x00000006c25925d8,0x00000006c6280000)
 Metaspace       used 88559K, capacity 96680K, committed 96916K, reserved 1132544K
  class space    used 10824K, capacity 13159K, committed 13244K, reserved 1048576K
GC Heap History (10 events):
Event: 274.609 GC heap before
{Heap before GC invocations=21 (full 3):
 PSYoungGen      total 113152K, used 108772K [0x000000076ab00000, 0x0000000774480000, 0x00000007c0000000)
  eden space 82432K, 100% used [0x000000076ab00000,0x000000076fb80000,0x000000076fb80000)
  from space 30720K, 85% used [0x000000076fb80000,0x0000000771539168,0x0000000771980000)
  to   space 33280K, 0% used [0x0000000772400000,0x0000000772400000,0x0000000774480000)
 ParOldGen       total 100864K, used 38433K [0x00000006c0000000, 0x00000006c6280000, 0x000000076ab00000)
  object space 100864K, 38% used [0x00000006c0000000,0x00000006c25885d8,0x00000006c6280000)
 Metaspace       used 85914K, capacity 93784K, committed 93972K, reserved 1130496K
  class space    used 10521K, capacity 12773K, committed 12860K, reserved 1048576K
Event: 274.641 GC heap after
Heap after GC invocations=21 (full 3):
 PSYoungGen      total 109568K, used 28380K [0x000000076ab00000, 0x0000000774080000, 0x00000007c0000000)
  eden space 80384K, 0% used [0x000000076ab00000,0x000000076ab00000,0x000000076f980000)
  from space 29184K, 97% used [0x0000000772400000,0x0000000773fb73b8,0x0000000774080000)
  to   space 36352K, 0% used [0x000000076f980000,0x000000076f980000,0x0000000771d00000)
 ParOldGen       total 100864K, used 38441K [0x00000006c0000000, 0x00000006c6280000, 0x000000076ab00000)
  object space 100864K, 38% used [0x00000006c0000000,0x00000006c258a5d8,0x00000006c6280000)
 Metaspace       used 85914K, capacity 93784K, committed 93972K, reserved 1130496K
  class space    used 10521K, capacity 12773K, committed 12860K, reserved 1048576K
}
Event: 305.559 GC heap before
{Heap before GC invocations=22 (full 3):
 PSYoungGen      total 109568K, used 108764K [0x000000076ab00000, 0x0000000774080000, 0x00000007c0000000)
  eden space 80384K, 100% used [0x000000076ab00000,0x000000076f980000,0x000000076f980000)
  from space 29184K, 97% used [0x0000000772400000,0x0000000773fb73b8,0x0000000774080000)
  to   space 36352K, 0% used [0x000000076f980000,0x000000076f980000,0x0000000771d00000)
 ParOldGen       total 100864K, used 38441K [0x00000006c0000000, 0x00000006c6280000, 0x000000076ab00000)
  object space 100864K, 38% used [0x00000006c0000000,0x00000006c258a5d8,0x00000006c6280000)
 Metaspace       used 86544K, capacity 94386K, committed 94484K, reserved 1130496K
  class space    used 10595K, capacity 12859K, committed 12860K, reserved 1048576K
Event: 305.592 GC heap after
Heap after GC invocations=22 (full 3):
 PSYoungGen      total 114688K, used 28317K [0x000000076ab00000, 0x0000000774280000, 0x00000007c0000000)
  eden space 78336K, 0% used [0x000000076ab00000,0x000000076ab00000,0x000000076f780000)
  from space 36352K, 77% used [0x000000076f980000,0x00000007715277a0,0x0000000771d00000)
  to   space 38400K, 0% used [0x0000000771d00000,0x0000000771d00000,0x0000000774280000)
 ParOldGen       total 100864K, used 38449K [0x00000006c0000000, 0x00000006c6280000, 0x000000076ab00000)
  object space 100864K, 38% used [0x00000006c0000000,0x00000006c258c5d8,0x00000006c6280000)
 Metaspace       used 86544K, capacity 94386K, committed 94484K, reserved 1130496K
  class space    used 10595K, capacity 12859K, committed 12860K, reserved 1048576K
}
Event: 341.514 GC heap before
{Heap before GC invocations=23 (full 3):
 PSYoungGen      total 114688K, used 106653K [0x000000076ab00000, 0x0000000774280000, 0x00000007c0000000)
  eden space 78336K, 100% used [0x000000076ab00000,0x000000076f780000,0x000000076f780000)
  from space 36352K, 77% used [0x000000076f980000,0x00000007715277a0,0x0000000771d00000)
  to   space 38400K, 0% used [0x0000000771d00000,0x0000000771d00000,0x0000000774280000)
 ParOldGen       total 100864K, used 38449K [0x00000006c0000000, 0x00000006c6280000, 0x000000076ab00000)
  object space 100864K, 38% used [0x00000006c0000000,0x00000006c258c5d8,0x00000006c6280000)
 Metaspace       used 87355K, capacity 95274K, committed 95380K, reserved 1132544K
  class space    used 10684K, capacity 12963K, committed 12988K, reserved 1048576K
Event: 341.533 GC heap after
Heap after GC invocations=23 (full 3):
 PSYoungGen      total 114688K, used 28738K [0x000000076ab00000, 0x0000000774480000, 0x00000007c0000000)
  eden space 76288K, 0% used [0x000000076ab00000,0x000000076ab00000,0x000000076f580000)
  from space 38400K, 74% used [0x0000000771d00000,0x0000000773910998,0x0000000774280000)
  to   space 40448K, 0% used [0x000000076f580000,0x000000076f580000,0x0000000771d00000)
 ParOldGen       total 100864K, used 38457K [0x00000006c0000000, 0x00000006c6280000, 0x000000076ab00000)
  object space 100864K, 38% used [0x00000006c0000000,0x00000006c258e5d8,0x00000006c6280000)
 Metaspace       used 87355K, capacity 95274K, committed 95380K, reserved 1132544K
  class space    used 10684K, capacity 12963K, committed 12988K, reserved 1048576K
}
Event: 368.523 GC heap before
{Heap before GC invocations=24 (full 3):
 PSYoungGen      total 114688K, used 105026K [0x000000076ab00000, 0x0000000774480000, 0x00000007c0000000)
  eden space 76288K, 100% used [0x000000076ab00000,0x000000076f580000,0x000000076f580000)
  from space 38400K, 74% used [0x0000000771d00000,0x0000000773910998,0x0000000774280000)
  to   space 40448K, 0% used [0x000000076f580000,0x000000076f580000,0x0000000771d00000)
 ParOldGen       total 100864K, used 38457K [0x00000006c0000000, 0x00000006c6280000, 0x000000076ab00000)
  object space 100864K, 38% used [0x00000006c0000000,0x00000006c258e5d8,0x00000006c6280000)
 Metaspace       used 87792K, capacity 95828K, committed 96020K, reserved 1132544K
  class space    used 10715K, capacity 13000K, committed 13116K, reserved 1048576K
Event: 368.544 GC heap after
Heap after GC invocations=24 (full 3):
 PSYoungGen      total 103936K, used 29465K [0x000000076ab00000, 0x0000000774580000, 0x00000007c0000000)
  eden space 74240K, 0% used [0x000000076ab00000,0x000000076ab00000,0x000000076f380000)
  from space 29696K, 99% used [0x000000076f580000,0x00000007712464f8,0x0000000771280000)
  to   space 41984K, 0% used [0x0000000771c80000,0x0000000771c80000,0x0000000774580000)
 ParOldGen       total 100864K, used 38465K [0x00000006c0000000, 0x00000006c6280000, 0x000000076ab00000)
  object space 100864K, 38% used [0x00000006c0000000,0x00000006c25905d8,0x00000006c6280000)
 Metaspace       used 87792K, capacity 95828K, committed 96020K, reserved 1132544K
  class space    used 10715K, capacity 13000K, committed 13116K, reserved 1048576K
}
Event: 388.789 GC heap before
{Heap before GC invocations=25 (full 3):
 PSYoungGen      total 103936K, used 103705K [0x000000076ab00000, 0x0000000774580000, 0x00000007c0000000)
  eden space 74240K, 100% used [0x000000076ab00000,0x000000076f380000,0x000000076f380000)
  from space 29696K, 99% used [0x000000076f580000,0x00000007712464f8,0x0000000771280000)
  to   space 41984K, 0% used [0x0000000771c80000,0x0000000771c80000,0x0000000774580000)
 ParOldGen       total 100864K, used 38465K [0x00000006c0000000, 0x00000006c6280000, 0x000000076ab00000)
  object space 100864K, 38% used [0x00000006c0000000,0x00000006c25905d8,0x00000006c6280000)
 Metaspace       used 88059K, capacity 96020K, committed 96276K, reserved 1132544K
  class space    used 10739K, capacity 13000K, committed 13116K, reserved 1048576K
Event: 388.812 GC heap after
Heap after GC invocations=25 (full 3):
 PSYoungGen      total 114688K, used 29711K [0x000000076ab00000, 0x0000000774600000, 0x00000007c0000000)
  eden space 72704K, 0% used [0x000000076ab00000,0x000000076ab00000,0x000000076f200000)
  from space 41984K, 70% used [0x0000000771c80000,0x0000000773983d88,0x0000000774580000)
  to   space 43008K, 0% used [0x000000076f200000,0x000000076f200000,0x0000000771c00000)
 ParOldGen       total 100864K, used 38473K [0x00000006c0000000, 0x00000006c6280000, 0x000000076ab00000)
  object space 100864K, 38% used [0x00000006c0000000,0x00000006c25925d8,0x00000006c6280000)
 Metaspace       used 88059K, capacity 96020K, committed 96276K, reserved 1132544K
  class space    used 10739K, capacity 13000K, committed 13116K, reserved 1048576K
}

