# JRE version: Java(TM) SE Runtime Environment (8.0_112-b15) (build 1.8.0_112-b15)
# Java VM: Java HotSpot(TM) 64-Bit Server VM (25.112-b15 mixed mode linux-amd64 compressed oops)
Heap:
 PSYoungGen      total 19968K, used 17036K [0x000000076ab00000, 0x000000076c000000, 0x00000007c0000000)
  eden space 18432K, 89% used [0x000000076ab00000,0x000000076bb33038,0x000000076bd00000)
  from space 1536K, 29% used [0x000000076be80000,0x000000076bef0000,0x000000076c000000)
  to   space 1536K, 0% used [0x000000076bd00000,0x000000076bd00000,0x000000076be80000)
 ParOldGen       total 101888K, used 50559K [0x00000006c0000000, 0x00000006c6380000, 0x000000076ab00000)
  object space 101888K, 49% used [0x00000006c0000000,0x00000006c315fd48,0x00000006c6380000)
 Metaspace       used 64810K, capacity 71480K, committed 71768K, reserved 1112064K
  class space    used 7727K, capacity 9749K, committed 9856K, reserved 1048576K
GC Heap History (10 events):
Event: 785446.519 GC heap before
{Heap before GC invocations=1549 (full 3):
 PSYoungGen      total 19968K, used 19536K [0x000000076ab00000, 0x000000076c000000, 0x00000007c0000000)
  eden space 18432K, 100% used [0x000000076ab00000,0x000000076bd00000,0x000000076bd00000)
  from space 1536K, 71% used [0x000000076bd00000,0x000000076be14010,0x000000076be80000)
  to   space 1536K, 0% used [0x000000076be80000,0x000000076be80000,0x000000076c000000)
 ParOldGen       total 101888K, used 50559K [0x00000006c0000000, 0x00000006c6380000, 0x000000076ab00000)
  object space 101888K, 49% used [0x00000006c0000000,0x00000006c315fd48,0x00000006c6380000)
 Metaspace       used 64780K, capacity 71384K, committed 71640K, reserved 1112064K
  class space    used 7721K, capacity 9717K, committed 9728K, reserved 1048576K
Event: 785446.525 GC heap after
Heap after GC invocations=1549 (full 3):
 PSYoungGen      total 19968K, used 480K [0x000000076ab00000, 0x000000076c000000, 0x00000007c0000000)
  eden space 18432K, 0% used [0x000000076ab00000,0x000000076ab00000,0x000000076bd00000)
  from space 1536K, 31% used [0x000000076be80000,0x000000076bef8000,0x000000076c000000)
  to   space 1536K, 0% used [0x000000076bd00000,0x000000076bd00000,0x000000076be80000)
 ParOldGen       total 101888K, used 50559K [0x00000006c0000000, 0x00000006c6380000, 0x000000076ab00000)
  object space 101888K, 49% used [0x00000006c0000000,0x00000006c315fd48,0x00000006c6380000)
 Metaspace       used 64780K, capacity 71384K, committed 71640K, reserved 1112064K
  class space    used 7721K, capacity 9717K, committed 9728K, reserved 1048576K
}
Event: 785869.625 GC heap before
{Heap before GC invocations=1550 (full 3):
 PSYoungGen      total 19968K, used 18912K [0x000000076ab00000, 0x000000076c000000, 0x00000007c0000000)
  eden space 18432K, 100% used [0x000000076ab00000,0x000000076bd00000,0x000000076bd00000)
  from space 1536K, 31% used [0x000000076be80000,0x000000076bef8000,0x000000076c000000)
  to   space 1536K, 0% used [0x000000076bd00000,0x000000076bd00000,0x000000076be80000)
 ParOldGen       total 101888K, used 50559K [0x00000006c0000000, 0x00000006c6380000, 0x000000076ab00000)
  object space 101888K, 49% used [0x00000006c0000000,0x00000006c315fd48,0x00000006c6380000)
 Metaspace       used 64780K, capacity 71384K, committed 71640K, reserved 1112064K
  class space    used 7721K, capacity 9717K, committed 9728K, reserved 1048576K
Event: 785869.627 GC heap after
Heap after GC invocations=1550 (full 3):
 PSYoungGen      total 19968K, used 992K [0x000000076ab00000, 0x000000076c000000, 0x00000007c0000000)
  eden space 18432K, 0% used [0x000000076ab00000,0x000000076ab00000,0x000000076bd00000)
  from space 1536K, 64% used [0x000000076bd00000,0x000000076bdf8010,0x000000076be80000)
  to   space 1536K, 0% used [0x000000076be80000,0x000000076be80000,0x000000076c000000)
 ParOldGen       total 101888K, used 50559K [0x00000006c0000000, 0x00000006c6380000, 0x000000076ab00000)
  object space 101888K, 49% used [0x00000006c0000000,0x00000006c315fd48,0x00000006c6380000)
 Metaspace       used 64780K, capacity 71384K, committed 71640K, reserved 1112064K
  class space    used 7721K, capacity 9717K, committed 9728K, reserved 1048576K
}
Event: 786283.351 GC heap before
{Heap before GC invocations=1551 (full 3):
 PSYoungGen      total 19968K, used 19424K [0x000000076ab00000, 0x000000076c000000, 0x00000007c0000000)
  eden space 18432K, 100% used [0x000000076ab00000,0x000000076bd00000,0x000000076bd00000)
  from space 1536K, 64% used [0x000000076bd00000,0x000000076bdf8010,0x000000076be80000)
  to   space 1536K, 0% used [0x000000076be80000,0x000000076be80000,0x000000076c000000)
 ParOldGen       total 101888K, used 50559K [0x00000006c0000000, 0x00000006c6380000, 0x000000076ab00000)
  object space 101888K, 49% used [0x00000006c0000000,0x00000006c315fd48,0x00000006c6380000)
 Metaspace       used 64780K, capacity 71384K, committed 71640K, reserved 1112064K
  class space    used 7721K, capacity 9717K, committed 9728K, reserved 1048576K
Event: 786283.357 GC heap after
Heap after GC invocations=1551 (full 3):
 PSYoungGen      total 19968K, used 448K [0x000000076ab00000, 0x000000076c000000, 0x00000007c0000000)
  eden space 18432K, 0% used [0x000000076ab00000,0x000000076ab00000,0x000000076bd00000)
  from space 1536K, 29% used [0x000000076be80000,0x000000076bef0000,0x000000076c000000)
  to   space 1536K, 0% used [0x000000076bd00000,0x000000076bd00000,0x000000076be80000)
 ParOldGen       total 101888K, used 50559K [0x00000006c0000000, 0x00000006c6380000, 0x000000076ab00000)
  object space 101888K, 49% used [0x00000006c0000000,0x00000006c315fd48,0x00000006c6380000)
 Metaspace       used 64780K, capacity 71384K, committed 71640K, reserved 1112064K
  class space    used 7721K, capacity 9717K, committed 9728K, reserved 1048576K
}
Event: 786769.752 GC heap before
{Heap before GC invocations=1552 (full 3):
 PSYoungGen      total 19968K, used 18880K [0x000000076ab00000, 0x000000076c000000, 0x00000007c0000000)
  eden space 18432K, 100% used [0x000000076ab00000,0x000000076bd00000,0x000000076bd00000)
  from space 1536K, 29% used [0x000000076be80000,0x000000076bef0000,0x000000076c000000)
  to   space 1536K, 0% used [0x000000076bd00000,0x000000076bd00000,0x000000076be80000)
 ParOldGen       total 101888K, used 50559K [0x00000006c0000000, 0x00000006c6380000, 0x000000076ab00000)
  object space 101888K, 49% used [0x00000006c0000000,0x00000006c315fd48,0x00000006c6380000)
 Metaspace       used 64780K, capacity 71384K, committed 71640K, reserved 1112064K
  class space    used 7721K, capacity 9717K, committed 9728K, reserved 1048576K
Event: 786769.759 GC heap after
Heap after GC invocations=1552 (full 3):
 PSYoungGen      total 19968K, used 384K [0x000000076ab00000, 0x000000076c000000, 0x00000007c0000000)
  eden space 18432K, 0% used [0x000000076ab00000,0x000000076ab00000,0x000000076bd00000)
  from space 1536K, 25% used [0x000000076bd00000,0x000000076bd60000,0x000000076be80000)
  to   space 1536K, 0% used [0x000000076be80000,0x000000076be80000,0x000000076c000000)
 ParOldGen       total 101888K, used 50559K [0x00000006c0000000, 0x00000006c6380000, 0x000000076ab00000)
  object space 101888K, 49% used [0x00000006c0000000,0x00000006c315fd48,0x00000006c6380000)
 Metaspace       used 64780K, capacity 71384K, committed 71640K, reserved 1112064K
  class space    used 7721K, capacity 9717K, committed 9728K, reserved 1048576K
}
Event: 787111.717 GC heap before
{Heap before GC invocations=1553 (full 3):
 PSYoungGen      total 19968K, used 18816K [0x000000076ab00000, 0x000000076c000000, 0x00000007c0000000)
  eden space 18432K, 100% used [0x000000076ab00000,0x000000076bd00000,0x000000076bd00000)
  from space 1536K, 25% used [0x000000076bd00000,0x000000076bd60000,0x000000076be80000)
  to   space 1536K, 0% used [0x000000076be80000,0x000000076be80000,0x000000076c000000)
 ParOldGen       total 101888K, used 50559K [0x00000006c0000000, 0x00000006c6380000, 0x000000076ab00000)
  object space 101888K, 49% used [0x00000006c0000000,0x00000006c315fd48,0x00000006c6380000)
 Metaspace       used 64780K, capacity 71384K, committed 71640K, reserved 1112064K
  class space    used 7721K, capacity 9717K, committed 9728K, reserved 1048576K
Event: 787111.724 GC heap after
Heap after GC invocations=1553 (full 3):
 PSYoungGen      total 19968K, used 448K [0x000000076ab00000, 0x000000076c000000, 0x00000007c0000000)
  eden space 18432K, 0% used [0x000000076ab00000,0x000000076ab00000,0x000000076bd00000)
  from space 1536K, 29% used [0x000000076be80000,0x000000076bef0000,0x000000076c000000)
  to   space 1536K, 0% used [0x000000076bd00000,0x000000076bd00000,0x000000076be80000)
 ParOldGen       total 101888K, used 50559K [0x00000006c0000000, 0x00000006c6380000, 0x000000076ab00000)
  object space 101888K, 49% used [0x00000006c0000000,0x00000006c315fd48,0x00000006c6380000)
 Metaspace       used 64780K, capacity 71384K, committed 71640K, reserved 1112064K
  class space    used 7721K, capacity 9717K, committed 9728K, reserved 1048576K
}

